Performing C SOURCE FILE Test CMAKE_HAVE_LIBC_PTHREAD failed with the following output:
Change Dir: /home/dawid/Projects/C_C++/Aoc_2020/CMakeFiles/CMakeTmp

Run Build Command(s):/usr/bin/make cmTC_3eb79/fast && /usr/bin/make -f CMakeFiles/cmTC_3eb79.dir/build.make CMakeFiles/cmTC_3eb79.dir/build
make[1]: Entering directory '/home/dawid/Projects/C_C++/Aoc_2020/CMakeFiles/CMakeTmp'
Building C object CMakeFiles/cmTC_3eb79.dir/src.c.o
/usr/bin/cc   -DCMAKE_HAVE_LIBC_PTHREAD   -o CMakeFiles/cmTC_3eb79.dir/src.c.o   -c /home/dawid/Projects/C_C++/Aoc_2020/CMakeFiles/CMakeTmp/src.c
Linking C executable cmTC_3eb79
/usr/bin/cmake -E cmake_link_script CMakeFiles/cmTC_3eb79.dir/link.txt --verbose=1
/usr/bin/cc  -DCMAKE_HAVE_LIBC_PTHREAD    CMakeFiles/cmTC_3eb79.dir/src.c.o  -o cmTC_3eb79 
/usr/bin/ld: CMakeFiles/cmTC_3eb79.dir/src.c.o: in function `main':
src.c:(.text+0x46): undefined reference to `pthread_create'
/usr/bin/ld: src.c:(.text+0x52): undefined reference to `pthread_detach'
/usr/bin/ld: src.c:(.text+0x63): undefined reference to `pthread_join'
collect2: error: ld returned 1 exit status
make[1]: *** [CMakeFiles/cmTC_3eb79.dir/build.make:87: cmTC_3eb79] Error 1
make[1]: Leaving directory '/home/dawid/Projects/C_C++/Aoc_2020/CMakeFiles/CMakeTmp'
make: *** [Makefile:121: cmTC_3eb79/fast] Error 2


Source file was:
#include <pthread.h>

void* test_func(void* data)
{
  return data;
}

int main(void)
{
  pthread_t thread;
  pthread_create(&thread, NULL, test_func, NULL);
  pthread_detach(thread);
  pthread_join(thread, NULL);
  pthread_atfork(NULL, NULL, NULL);
  pthread_exit(NULL);

  return 0;
}

Determining if the function pthread_create exists in the pthreads failed with the following output:
Change Dir: /home/dawid/Projects/C_C++/Aoc_2020/CMakeFiles/CMakeTmp

Run Build Command(s):/usr/bin/make cmTC_9b35a/fast && /usr/bin/make -f CMakeFiles/cmTC_9b35a.dir/build.make CMakeFiles/cmTC_9b35a.dir/build
make[1]: Entering directory '/home/dawid/Projects/C_C++/Aoc_2020/CMakeFiles/CMakeTmp'
Building C object CMakeFiles/cmTC_9b35a.dir/CheckFunctionExists.c.o
/usr/bin/cc   -DCHECK_FUNCTION_EXISTS=pthread_create   -o CMakeFiles/cmTC_9b35a.dir/CheckFunctionExists.c.o   -c /usr/share/cmake-3.16/Modules/CheckFunctionExists.c
Linking C executable cmTC_9b35a
/usr/bin/cmake -E cmake_link_script CMakeFiles/cmTC_9b35a.dir/link.txt --verbose=1
/usr/bin/cc  -DCHECK_FUNCTION_EXISTS=pthread_create    CMakeFiles/cmTC_9b35a.dir/CheckFunctionExists.c.o  -o cmTC_9b35a  -lpthreads 
/usr/bin/ld: cannot find -lpthreads
collect2: error: ld returned 1 exit status
make[1]: *** [CMakeFiles/cmTC_9b35a.dir/build.make:87: cmTC_9b35a] Error 1
make[1]: Leaving directory '/home/dawid/Projects/C_C++/Aoc_2020/CMakeFiles/CMakeTmp'
make: *** [Makefile:121: cmTC_9b35a/fast] Error 2



Performing C SOURCE FILE Test CMAKE_HAVE_LIBC_PTHREAD failed with the following output:
Change Dir: /home/dawid/Projects/C_C++/Aoc_2020/CMakeFiles/CMakeTmp

Run Build Command(s):/usr/bin/make cmTC_72f46/fast && /usr/bin/make -f CMakeFiles/cmTC_72f46.dir/build.make CMakeFiles/cmTC_72f46.dir/build
make[1]: Entering directory '/home/dawid/Projects/C_C++/Aoc_2020/CMakeFiles/CMakeTmp'
Building C object CMakeFiles/cmTC_72f46.dir/src.c.o
/usr/bin/cc   -DCMAKE_HAVE_LIBC_PTHREAD   -o CMakeFiles/cmTC_72f46.dir/src.c.o   -c /home/dawid/Projects/C_C++/Aoc_2020/CMakeFiles/CMakeTmp/src.c
Linking C executable cmTC_72f46
/usr/bin/cmake -E cmake_link_script CMakeFiles/cmTC_72f46.dir/link.txt --verbose=1
/usr/bin/cc  -DCMAKE_HAVE_LIBC_PTHREAD    CMakeFiles/cmTC_72f46.dir/src.c.o  -o cmTC_72f46 
/usr/bin/ld: CMakeFiles/cmTC_72f46.dir/src.c.o: in function `main':
src.c:(.text+0x46): undefined reference to `pthread_create'
/usr/bin/ld: src.c:(.text+0x52): undefined reference to `pthread_detach'
/usr/bin/ld: src.c:(.text+0x63): undefined reference to `pthread_join'
collect2: error: ld returned 1 exit status
make[1]: *** [CMakeFiles/cmTC_72f46.dir/build.make:87: cmTC_72f46] Error 1
make[1]: Leaving directory '/home/dawid/Projects/C_C++/Aoc_2020/CMakeFiles/CMakeTmp'
make: *** [Makefile:121: cmTC_72f46/fast] Error 2


Source file was:
#include <pthread.h>

void* test_func(void* data)
{
  return data;
}

int main(void)
{
  pthread_t thread;
  pthread_create(&thread, NULL, test_func, NULL);
  pthread_detach(thread);
  pthread_join(thread, NULL);
  pthread_atfork(NULL, NULL, NULL);
  pthread_exit(NULL);

  return 0;
}

Determining if the function pthread_create exists in the pthreads failed with the following output:
Change Dir: /home/dawid/Projects/C_C++/Aoc_2020/CMakeFiles/CMakeTmp

Run Build Command(s):/usr/bin/make cmTC_2c542/fast && /usr/bin/make -f CMakeFiles/cmTC_2c542.dir/build.make CMakeFiles/cmTC_2c542.dir/build
make[1]: Entering directory '/home/dawid/Projects/C_C++/Aoc_2020/CMakeFiles/CMakeTmp'
Building C object CMakeFiles/cmTC_2c542.dir/CheckFunctionExists.c.o
/usr/bin/cc   -DCHECK_FUNCTION_EXISTS=pthread_create   -o CMakeFiles/cmTC_2c542.dir/CheckFunctionExists.c.o   -c /usr/share/cmake-3.16/Modules/CheckFunctionExists.c
Linking C executable cmTC_2c542
/usr/bin/cmake -E cmake_link_script CMakeFiles/cmTC_2c542.dir/link.txt --verbose=1
/usr/bin/cc  -DCHECK_FUNCTION_EXISTS=pthread_create    CMakeFiles/cmTC_2c542.dir/CheckFunctionExists.c.o  -o cmTC_2c542  -lpthreads 
/usr/bin/ld: cannot find -lpthreads
collect2: error: ld returned 1 exit status
make[1]: *** [CMakeFiles/cmTC_2c542.dir/build.make:87: cmTC_2c542] Error 1
make[1]: Leaving directory '/home/dawid/Projects/C_C++/Aoc_2020/CMakeFiles/CMakeTmp'
make: *** [Makefile:121: cmTC_2c542/fast] Error 2



Performing C SOURCE FILE Test CMAKE_HAVE_LIBC_PTHREAD failed with the following output:
Change Dir: /home/dawid/Projects/C_C++/Aoc_2020/CMakeFiles/CMakeTmp

Run Build Command(s):/usr/bin/make cmTC_4d340/fast && /usr/bin/make -f CMakeFiles/cmTC_4d340.dir/build.make CMakeFiles/cmTC_4d340.dir/build
make[1]: Entering directory '/home/dawid/Projects/C_C++/Aoc_2020/CMakeFiles/CMakeTmp'
Building C object CMakeFiles/cmTC_4d340.dir/src.c.o
/usr/bin/cc   -DCMAKE_HAVE_LIBC_PTHREAD   -o CMakeFiles/cmTC_4d340.dir/src.c.o   -c /home/dawid/Projects/C_C++/Aoc_2020/CMakeFiles/CMakeTmp/src.c
Linking C executable cmTC_4d340
/usr/bin/cmake -E cmake_link_script CMakeFiles/cmTC_4d340.dir/link.txt --verbose=1
/usr/bin/cc  -DCMAKE_HAVE_LIBC_PTHREAD    CMakeFiles/cmTC_4d340.dir/src.c.o  -o cmTC_4d340 
/usr/bin/ld: CMakeFiles/cmTC_4d340.dir/src.c.o: in function `main':
src.c:(.text+0x46): undefined reference to `pthread_create'
/usr/bin/ld: src.c:(.text+0x52): undefined reference to `pthread_detach'
/usr/bin/ld: src.c:(.text+0x63): undefined reference to `pthread_join'
collect2: error: ld returned 1 exit status
make[1]: *** [CMakeFiles/cmTC_4d340.dir/build.make:87: cmTC_4d340] Error 1
make[1]: Leaving directory '/home/dawid/Projects/C_C++/Aoc_2020/CMakeFiles/CMakeTmp'
make: *** [Makefile:121: cmTC_4d340/fast] Error 2


Source file was:
#include <pthread.h>

void* test_func(void* data)
{
  return data;
}

int main(void)
{
  pthread_t thread;
  pthread_create(&thread, NULL, test_func, NULL);
  pthread_detach(thread);
  pthread_join(thread, NULL);
  pthread_atfork(NULL, NULL, NULL);
  pthread_exit(NULL);

  return 0;
}

Determining if the function pthread_create exists in the pthreads failed with the following output:
Change Dir: /home/dawid/Projects/C_C++/Aoc_2020/CMakeFiles/CMakeTmp

Run Build Command(s):/usr/bin/make cmTC_3a72e/fast && /usr/bin/make -f CMakeFiles/cmTC_3a72e.dir/build.make CMakeFiles/cmTC_3a72e.dir/build
make[1]: Entering directory '/home/dawid/Projects/C_C++/Aoc_2020/CMakeFiles/CMakeTmp'
Building C object CMakeFiles/cmTC_3a72e.dir/CheckFunctionExists.c.o
/usr/bin/cc   -DCHECK_FUNCTION_EXISTS=pthread_create   -o CMakeFiles/cmTC_3a72e.dir/CheckFunctionExists.c.o   -c /usr/share/cmake-3.16/Modules/CheckFunctionExists.c
Linking C executable cmTC_3a72e
/usr/bin/cmake -E cmake_link_script CMakeFiles/cmTC_3a72e.dir/link.txt --verbose=1
/usr/bin/cc  -DCHECK_FUNCTION_EXISTS=pthread_create    CMakeFiles/cmTC_3a72e.dir/CheckFunctionExists.c.o  -o cmTC_3a72e  -lpthreads 
/usr/bin/ld: cannot find -lpthreads
collect2: error: ld returned 1 exit status
make[1]: *** [CMakeFiles/cmTC_3a72e.dir/build.make:87: cmTC_3a72e] Error 1
make[1]: Leaving directory '/home/dawid/Projects/C_C++/Aoc_2020/CMakeFiles/CMakeTmp'
make: *** [Makefile:121: cmTC_3a72e/fast] Error 2



Performing C SOURCE FILE Test CMAKE_HAVE_LIBC_PTHREAD failed with the following output:
Change Dir: /home/dawid/Projects/C_C++/Aoc_2020/CMakeFiles/CMakeTmp

Run Build Command(s):/usr/bin/make cmTC_70e85/fast && /usr/bin/make -f CMakeFiles/cmTC_70e85.dir/build.make CMakeFiles/cmTC_70e85.dir/build
make[1]: Entering directory '/home/dawid/Projects/C_C++/Aoc_2020/CMakeFiles/CMakeTmp'
Building C object CMakeFiles/cmTC_70e85.dir/src.c.o
/usr/bin/cc   -DCMAKE_HAVE_LIBC_PTHREAD   -o CMakeFiles/cmTC_70e85.dir/src.c.o   -c /home/dawid/Projects/C_C++/Aoc_2020/CMakeFiles/CMakeTmp/src.c
Linking C executable cmTC_70e85
/usr/bin/cmake -E cmake_link_script CMakeFiles/cmTC_70e85.dir/link.txt --verbose=1
/usr/bin/cc  -DCMAKE_HAVE_LIBC_PTHREAD    CMakeFiles/cmTC_70e85.dir/src.c.o  -o cmTC_70e85 
/usr/bin/ld: CMakeFiles/cmTC_70e85.dir/src.c.o: in function `main':
src.c:(.text+0x46): undefined reference to `pthread_create'
/usr/bin/ld: src.c:(.text+0x52): undefined reference to `pthread_detach'
/usr/bin/ld: src.c:(.text+0x63): undefined reference to `pthread_join'
collect2: error: ld returned 1 exit status
make[1]: *** [CMakeFiles/cmTC_70e85.dir/build.make:87: cmTC_70e85] Error 1
make[1]: Leaving directory '/home/dawid/Projects/C_C++/Aoc_2020/CMakeFiles/CMakeTmp'
make: *** [Makefile:121: cmTC_70e85/fast] Error 2


Source file was:
#include <pthread.h>

void* test_func(void* data)
{
  return data;
}

int main(void)
{
  pthread_t thread;
  pthread_create(&thread, NULL, test_func, NULL);
  pthread_detach(thread);
  pthread_join(thread, NULL);
  pthread_atfork(NULL, NULL, NULL);
  pthread_exit(NULL);

  return 0;
}

Determining if the function pthread_create exists in the pthreads failed with the following output:
Change Dir: /home/dawid/Projects/C_C++/Aoc_2020/CMakeFiles/CMakeTmp

Run Build Command(s):/usr/bin/make cmTC_f57a2/fast && /usr/bin/make -f CMakeFiles/cmTC_f57a2.dir/build.make CMakeFiles/cmTC_f57a2.dir/build
make[1]: Entering directory '/home/dawid/Projects/C_C++/Aoc_2020/CMakeFiles/CMakeTmp'
Building C object CMakeFiles/cmTC_f57a2.dir/CheckFunctionExists.c.o
/usr/bin/cc   -DCHECK_FUNCTION_EXISTS=pthread_create   -o CMakeFiles/cmTC_f57a2.dir/CheckFunctionExists.c.o   -c /usr/share/cmake-3.16/Modules/CheckFunctionExists.c
Linking C executable cmTC_f57a2
/usr/bin/cmake -E cmake_link_script CMakeFiles/cmTC_f57a2.dir/link.txt --verbose=1
/usr/bin/cc  -DCHECK_FUNCTION_EXISTS=pthread_create    CMakeFiles/cmTC_f57a2.dir/CheckFunctionExists.c.o  -o cmTC_f57a2  -lpthreads 
/usr/bin/ld: cannot find -lpthreads
collect2: error: ld returned 1 exit status
make[1]: *** [CMakeFiles/cmTC_f57a2.dir/build.make:87: cmTC_f57a2] Error 1
make[1]: Leaving directory '/home/dawid/Projects/C_C++/Aoc_2020/CMakeFiles/CMakeTmp'
make: *** [Makefile:121: cmTC_f57a2/fast] Error 2



Performing C SOURCE FILE Test CMAKE_HAVE_LIBC_PTHREAD failed with the following output:
Change Dir: /home/dawid/Projects/C_C++/Aoc_2020/CMakeFiles/CMakeTmp

Run Build Command(s):/usr/bin/make cmTC_a71c7/fast && /usr/bin/make -f CMakeFiles/cmTC_a71c7.dir/build.make CMakeFiles/cmTC_a71c7.dir/build
make[1]: Entering directory '/home/dawid/Projects/C_C++/Aoc_2020/CMakeFiles/CMakeTmp'
Building C object CMakeFiles/cmTC_a71c7.dir/src.c.o
/usr/bin/cc   -DCMAKE_HAVE_LIBC_PTHREAD   -o CMakeFiles/cmTC_a71c7.dir/src.c.o   -c /home/dawid/Projects/C_C++/Aoc_2020/CMakeFiles/CMakeTmp/src.c
Linking C executable cmTC_a71c7
/usr/bin/cmake -E cmake_link_script CMakeFiles/cmTC_a71c7.dir/link.txt --verbose=1
/usr/bin/cc  -DCMAKE_HAVE_LIBC_PTHREAD    CMakeFiles/cmTC_a71c7.dir/src.c.o  -o cmTC_a71c7 
/usr/bin/ld: CMakeFiles/cmTC_a71c7.dir/src.c.o: in function `main':
src.c:(.text+0x46): undefined reference to `pthread_create'
/usr/bin/ld: src.c:(.text+0x52): undefined reference to `pthread_detach'
/usr/bin/ld: src.c:(.text+0x63): undefined reference to `pthread_join'
collect2: error: ld returned 1 exit status
make[1]: *** [CMakeFiles/cmTC_a71c7.dir/build.make:87: cmTC_a71c7] Error 1
make[1]: Leaving directory '/home/dawid/Projects/C_C++/Aoc_2020/CMakeFiles/CMakeTmp'
make: *** [Makefile:121: cmTC_a71c7/fast] Error 2


Source file was:
#include <pthread.h>

void* test_func(void* data)
{
  return data;
}

int main(void)
{
  pthread_t thread;
  pthread_create(&thread, NULL, test_func, NULL);
  pthread_detach(thread);
  pthread_join(thread, NULL);
  pthread_atfork(NULL, NULL, NULL);
  pthread_exit(NULL);

  return 0;
}

Determining if the function pthread_create exists in the pthreads failed with the following output:
Change Dir: /home/dawid/Projects/C_C++/Aoc_2020/CMakeFiles/CMakeTmp

Run Build Command(s):/usr/bin/make cmTC_9e097/fast && /usr/bin/make -f CMakeFiles/cmTC_9e097.dir/build.make CMakeFiles/cmTC_9e097.dir/build
make[1]: Entering directory '/home/dawid/Projects/C_C++/Aoc_2020/CMakeFiles/CMakeTmp'
Building C object CMakeFiles/cmTC_9e097.dir/CheckFunctionExists.c.o
/usr/bin/cc   -DCHECK_FUNCTION_EXISTS=pthread_create   -o CMakeFiles/cmTC_9e097.dir/CheckFunctionExists.c.o   -c /usr/share/cmake-3.16/Modules/CheckFunctionExists.c
Linking C executable cmTC_9e097
/usr/bin/cmake -E cmake_link_script CMakeFiles/cmTC_9e097.dir/link.txt --verbose=1
/usr/bin/cc  -DCHECK_FUNCTION_EXISTS=pthread_create    CMakeFiles/cmTC_9e097.dir/CheckFunctionExists.c.o  -o cmTC_9e097  -lpthreads 
/usr/bin/ld: cannot find -lpthreads
collect2: error: ld returned 1 exit status
make[1]: *** [CMakeFiles/cmTC_9e097.dir/build.make:87: cmTC_9e097] Error 1
make[1]: Leaving directory '/home/dawid/Projects/C_C++/Aoc_2020/CMakeFiles/CMakeTmp'
make: *** [Makefile:121: cmTC_9e097/fast] Error 2



Performing C SOURCE FILE Test CMAKE_HAVE_LIBC_PTHREAD failed with the following output:
Change Dir: /home/dawid/Projects/C_C++/Aoc_2020/CMakeFiles/CMakeTmp

Run Build Command(s):/usr/bin/make cmTC_4f94c/fast && /usr/bin/make -f CMakeFiles/cmTC_4f94c.dir/build.make CMakeFiles/cmTC_4f94c.dir/build
make[1]: Entering directory '/home/dawid/Projects/C_C++/Aoc_2020/CMakeFiles/CMakeTmp'
Building C object CMakeFiles/cmTC_4f94c.dir/src.c.o
/usr/bin/cc   -DCMAKE_HAVE_LIBC_PTHREAD   -o CMakeFiles/cmTC_4f94c.dir/src.c.o   -c /home/dawid/Projects/C_C++/Aoc_2020/CMakeFiles/CMakeTmp/src.c
Linking C executable cmTC_4f94c
/usr/bin/cmake -E cmake_link_script CMakeFiles/cmTC_4f94c.dir/link.txt --verbose=1
/usr/bin/cc  -DCMAKE_HAVE_LIBC_PTHREAD    CMakeFiles/cmTC_4f94c.dir/src.c.o  -o cmTC_4f94c 
/usr/bin/ld: CMakeFiles/cmTC_4f94c.dir/src.c.o: in function `main':
src.c:(.text+0x46): undefined reference to `pthread_create'
/usr/bin/ld: src.c:(.text+0x52): undefined reference to `pthread_detach'
/usr/bin/ld: src.c:(.text+0x63): undefined reference to `pthread_join'
collect2: error: ld returned 1 exit status
make[1]: *** [CMakeFiles/cmTC_4f94c.dir/build.make:87: cmTC_4f94c] Error 1
make[1]: Leaving directory '/home/dawid/Projects/C_C++/Aoc_2020/CMakeFiles/CMakeTmp'
make: *** [Makefile:121: cmTC_4f94c/fast] Error 2


Source file was:
#include <pthread.h>

void* test_func(void* data)
{
  return data;
}

int main(void)
{
  pthread_t thread;
  pthread_create(&thread, NULL, test_func, NULL);
  pthread_detach(thread);
  pthread_join(thread, NULL);
  pthread_atfork(NULL, NULL, NULL);
  pthread_exit(NULL);

  return 0;
}

Determining if the function pthread_create exists in the pthreads failed with the following output:
Change Dir: /home/dawid/Projects/C_C++/Aoc_2020/CMakeFiles/CMakeTmp

Run Build Command(s):/usr/bin/make cmTC_f38f0/fast && /usr/bin/make -f CMakeFiles/cmTC_f38f0.dir/build.make CMakeFiles/cmTC_f38f0.dir/build
make[1]: Entering directory '/home/dawid/Projects/C_C++/Aoc_2020/CMakeFiles/CMakeTmp'
Building C object CMakeFiles/cmTC_f38f0.dir/CheckFunctionExists.c.o
/usr/bin/cc   -DCHECK_FUNCTION_EXISTS=pthread_create   -o CMakeFiles/cmTC_f38f0.dir/CheckFunctionExists.c.o   -c /usr/share/cmake-3.16/Modules/CheckFunctionExists.c
Linking C executable cmTC_f38f0
/usr/bin/cmake -E cmake_link_script CMakeFiles/cmTC_f38f0.dir/link.txt --verbose=1
/usr/bin/cc  -DCHECK_FUNCTION_EXISTS=pthread_create    CMakeFiles/cmTC_f38f0.dir/CheckFunctionExists.c.o  -o cmTC_f38f0  -lpthreads 
/usr/bin/ld: cannot find -lpthreads
collect2: error: ld returned 1 exit status
make[1]: *** [CMakeFiles/cmTC_f38f0.dir/build.make:87: cmTC_f38f0] Error 1
make[1]: Leaving directory '/home/dawid/Projects/C_C++/Aoc_2020/CMakeFiles/CMakeTmp'
make: *** [Makefile:121: cmTC_f38f0/fast] Error 2



Performing C SOURCE FILE Test CMAKE_HAVE_LIBC_PTHREAD failed with the following output:
Change Dir: /home/dawid/Projects/C_C++/Aoc_2020/CMakeFiles/CMakeTmp

Run Build Command(s):/usr/bin/make cmTC_f9325/fast && /usr/bin/make -f CMakeFiles/cmTC_f9325.dir/build.make CMakeFiles/cmTC_f9325.dir/build
make[1]: Entering directory '/home/dawid/Projects/C_C++/Aoc_2020/CMakeFiles/CMakeTmp'
Building C object CMakeFiles/cmTC_f9325.dir/src.c.o
/usr/bin/cc   -DCMAKE_HAVE_LIBC_PTHREAD   -o CMakeFiles/cmTC_f9325.dir/src.c.o   -c /home/dawid/Projects/C_C++/Aoc_2020/CMakeFiles/CMakeTmp/src.c
Linking C executable cmTC_f9325
/usr/bin/cmake -E cmake_link_script CMakeFiles/cmTC_f9325.dir/link.txt --verbose=1
/usr/bin/cc  -DCMAKE_HAVE_LIBC_PTHREAD    CMakeFiles/cmTC_f9325.dir/src.c.o  -o cmTC_f9325 
/usr/bin/ld: CMakeFiles/cmTC_f9325.dir/src.c.o: in function `main':
src.c:(.text+0x46): undefined reference to `pthread_create'
/usr/bin/ld: src.c:(.text+0x52): undefined reference to `pthread_detach'
/usr/bin/ld: src.c:(.text+0x63): undefined reference to `pthread_join'
collect2: error: ld returned 1 exit status
make[1]: *** [CMakeFiles/cmTC_f9325.dir/build.make:87: cmTC_f9325] Error 1
make[1]: Leaving directory '/home/dawid/Projects/C_C++/Aoc_2020/CMakeFiles/CMakeTmp'
make: *** [Makefile:121: cmTC_f9325/fast] Error 2


Source file was:
#include <pthread.h>

void* test_func(void* data)
{
  return data;
}

int main(void)
{
  pthread_t thread;
  pthread_create(&thread, NULL, test_func, NULL);
  pthread_detach(thread);
  pthread_join(thread, NULL);
  pthread_atfork(NULL, NULL, NULL);
  pthread_exit(NULL);

  return 0;
}

Determining if the function pthread_create exists in the pthreads failed with the following output:
Change Dir: /home/dawid/Projects/C_C++/Aoc_2020/CMakeFiles/CMakeTmp

Run Build Command(s):/usr/bin/make cmTC_33c1b/fast && /usr/bin/make -f CMakeFiles/cmTC_33c1b.dir/build.make CMakeFiles/cmTC_33c1b.dir/build
make[1]: Entering directory '/home/dawid/Projects/C_C++/Aoc_2020/CMakeFiles/CMakeTmp'
Building C object CMakeFiles/cmTC_33c1b.dir/CheckFunctionExists.c.o
/usr/bin/cc   -DCHECK_FUNCTION_EXISTS=pthread_create   -o CMakeFiles/cmTC_33c1b.dir/CheckFunctionExists.c.o   -c /usr/share/cmake-3.16/Modules/CheckFunctionExists.c
Linking C executable cmTC_33c1b
/usr/bin/cmake -E cmake_link_script CMakeFiles/cmTC_33c1b.dir/link.txt --verbose=1
/usr/bin/cc  -DCHECK_FUNCTION_EXISTS=pthread_create    CMakeFiles/cmTC_33c1b.dir/CheckFunctionExists.c.o  -o cmTC_33c1b  -lpthreads 
/usr/bin/ld: cannot find -lpthreads
collect2: error: ld returned 1 exit status
make[1]: *** [CMakeFiles/cmTC_33c1b.dir/build.make:87: cmTC_33c1b] Error 1
make[1]: Leaving directory '/home/dawid/Projects/C_C++/Aoc_2020/CMakeFiles/CMakeTmp'
make: *** [Makefile:121: cmTC_33c1b/fast] Error 2



Performing C SOURCE FILE Test CMAKE_HAVE_LIBC_PTHREAD failed with the following output:
Change Dir: /home/dawid/Projects/C_C++/Aoc_2020/CMakeFiles/CMakeTmp

Run Build Command(s):/usr/bin/make cmTC_254db/fast && /usr/bin/make -f CMakeFiles/cmTC_254db.dir/build.make CMakeFiles/cmTC_254db.dir/build
make[1]: Entering directory '/home/dawid/Projects/C_C++/Aoc_2020/CMakeFiles/CMakeTmp'
Building C object CMakeFiles/cmTC_254db.dir/src.c.o
/usr/bin/cc   -DCMAKE_HAVE_LIBC_PTHREAD   -o CMakeFiles/cmTC_254db.dir/src.c.o   -c /home/dawid/Projects/C_C++/Aoc_2020/CMakeFiles/CMakeTmp/src.c
Linking C executable cmTC_254db
/usr/bin/cmake -E cmake_link_script CMakeFiles/cmTC_254db.dir/link.txt --verbose=1
/usr/bin/cc  -DCMAKE_HAVE_LIBC_PTHREAD    CMakeFiles/cmTC_254db.dir/src.c.o  -o cmTC_254db 
/usr/bin/ld: CMakeFiles/cmTC_254db.dir/src.c.o: in function `main':
src.c:(.text+0x46): undefined reference to `pthread_create'
/usr/bin/ld: src.c:(.text+0x52): undefined reference to `pthread_detach'
/usr/bin/ld: src.c:(.text+0x63): undefined reference to `pthread_join'
collect2: error: ld returned 1 exit status
make[1]: *** [CMakeFiles/cmTC_254db.dir/build.make:87: cmTC_254db] Error 1
make[1]: Leaving directory '/home/dawid/Projects/C_C++/Aoc_2020/CMakeFiles/CMakeTmp'
make: *** [Makefile:121: cmTC_254db/fast] Error 2


Source file was:
#include <pthread.h>

void* test_func(void* data)
{
  return data;
}

int main(void)
{
  pthread_t thread;
  pthread_create(&thread, NULL, test_func, NULL);
  pthread_detach(thread);
  pthread_join(thread, NULL);
  pthread_atfork(NULL, NULL, NULL);
  pthread_exit(NULL);

  return 0;
}

Determining if the function pthread_create exists in the pthreads failed with the following output:
Change Dir: /home/dawid/Projects/C_C++/Aoc_2020/CMakeFiles/CMakeTmp

Run Build Command(s):/usr/bin/make cmTC_8d125/fast && /usr/bin/make -f CMakeFiles/cmTC_8d125.dir/build.make CMakeFiles/cmTC_8d125.dir/build
make[1]: Entering directory '/home/dawid/Projects/C_C++/Aoc_2020/CMakeFiles/CMakeTmp'
Building C object CMakeFiles/cmTC_8d125.dir/CheckFunctionExists.c.o
/usr/bin/cc   -DCHECK_FUNCTION_EXISTS=pthread_create   -o CMakeFiles/cmTC_8d125.dir/CheckFunctionExists.c.o   -c /usr/share/cmake-3.16/Modules/CheckFunctionExists.c
Linking C executable cmTC_8d125
/usr/bin/cmake -E cmake_link_script CMakeFiles/cmTC_8d125.dir/link.txt --verbose=1
/usr/bin/cc  -DCHECK_FUNCTION_EXISTS=pthread_create    CMakeFiles/cmTC_8d125.dir/CheckFunctionExists.c.o  -o cmTC_8d125  -lpthreads 
/usr/bin/ld: cannot find -lpthreads
collect2: error: ld returned 1 exit status
make[1]: *** [CMakeFiles/cmTC_8d125.dir/build.make:87: cmTC_8d125] Error 1
make[1]: Leaving directory '/home/dawid/Projects/C_C++/Aoc_2020/CMakeFiles/CMakeTmp'
make: *** [Makefile:121: cmTC_8d125/fast] Error 2



Performing C SOURCE FILE Test CMAKE_HAVE_LIBC_PTHREAD failed with the following output:
Change Dir: /home/dawid/Projects/C_C++/Aoc_2020/CMakeFiles/CMakeTmp

Run Build Command(s):/usr/bin/make cmTC_5a1c1/fast && /usr/bin/make -f CMakeFiles/cmTC_5a1c1.dir/build.make CMakeFiles/cmTC_5a1c1.dir/build
make[1]: Entering directory '/home/dawid/Projects/C_C++/Aoc_2020/CMakeFiles/CMakeTmp'
Building C object CMakeFiles/cmTC_5a1c1.dir/src.c.o
/usr/bin/cc   -DCMAKE_HAVE_LIBC_PTHREAD   -o CMakeFiles/cmTC_5a1c1.dir/src.c.o   -c /home/dawid/Projects/C_C++/Aoc_2020/CMakeFiles/CMakeTmp/src.c
Linking C executable cmTC_5a1c1
/usr/bin/cmake -E cmake_link_script CMakeFiles/cmTC_5a1c1.dir/link.txt --verbose=1
/usr/bin/cc  -DCMAKE_HAVE_LIBC_PTHREAD    CMakeFiles/cmTC_5a1c1.dir/src.c.o  -o cmTC_5a1c1 
/usr/bin/ld: CMakeFiles/cmTC_5a1c1.dir/src.c.o: in function `main':
src.c:(.text+0x46): undefined reference to `pthread_create'
/usr/bin/ld: src.c:(.text+0x52): undefined reference to `pthread_detach'
/usr/bin/ld: src.c:(.text+0x63): undefined reference to `pthread_join'
collect2: error: ld returned 1 exit status
make[1]: *** [CMakeFiles/cmTC_5a1c1.dir/build.make:87: cmTC_5a1c1] Error 1
make[1]: Leaving directory '/home/dawid/Projects/C_C++/Aoc_2020/CMakeFiles/CMakeTmp'
make: *** [Makefile:121: cmTC_5a1c1/fast] Error 2


Source file was:
#include <pthread.h>

void* test_func(void* data)
{
  return data;
}

int main(void)
{
  pthread_t thread;
  pthread_create(&thread, NULL, test_func, NULL);
  pthread_detach(thread);
  pthread_join(thread, NULL);
  pthread_atfork(NULL, NULL, NULL);
  pthread_exit(NULL);

  return 0;
}

Determining if the function pthread_create exists in the pthreads failed with the following output:
Change Dir: /home/dawid/Projects/C_C++/Aoc_2020/CMakeFiles/CMakeTmp

Run Build Command(s):/usr/bin/make cmTC_13fa6/fast && /usr/bin/make -f CMakeFiles/cmTC_13fa6.dir/build.make CMakeFiles/cmTC_13fa6.dir/build
make[1]: Entering directory '/home/dawid/Projects/C_C++/Aoc_2020/CMakeFiles/CMakeTmp'
Building C object CMakeFiles/cmTC_13fa6.dir/CheckFunctionExists.c.o
/usr/bin/cc   -DCHECK_FUNCTION_EXISTS=pthread_create   -o CMakeFiles/cmTC_13fa6.dir/CheckFunctionExists.c.o   -c /usr/share/cmake-3.16/Modules/CheckFunctionExists.c
Linking C executable cmTC_13fa6
/usr/bin/cmake -E cmake_link_script CMakeFiles/cmTC_13fa6.dir/link.txt --verbose=1
/usr/bin/cc  -DCHECK_FUNCTION_EXISTS=pthread_create    CMakeFiles/cmTC_13fa6.dir/CheckFunctionExists.c.o  -o cmTC_13fa6  -lpthreads 
/usr/bin/ld: cannot find -lpthreads
collect2: error: ld returned 1 exit status
make[1]: *** [CMakeFiles/cmTC_13fa6.dir/build.make:87: cmTC_13fa6] Error 1
make[1]: Leaving directory '/home/dawid/Projects/C_C++/Aoc_2020/CMakeFiles/CMakeTmp'
make: *** [Makefile:121: cmTC_13fa6/fast] Error 2



Performing C SOURCE FILE Test CMAKE_HAVE_LIBC_PTHREAD failed with the following output:
Change Dir: /home/dawid/Projects/C_C++/Aoc_2020/CMakeFiles/CMakeTmp

Run Build Command(s):/usr/bin/make cmTC_2e1b1/fast && /usr/bin/make -f CMakeFiles/cmTC_2e1b1.dir/build.make CMakeFiles/cmTC_2e1b1.dir/build
make[1]: Entering directory '/home/dawid/Projects/C_C++/Aoc_2020/CMakeFiles/CMakeTmp'
Building C object CMakeFiles/cmTC_2e1b1.dir/src.c.o
/usr/bin/cc   -DCMAKE_HAVE_LIBC_PTHREAD   -o CMakeFiles/cmTC_2e1b1.dir/src.c.o   -c /home/dawid/Projects/C_C++/Aoc_2020/CMakeFiles/CMakeTmp/src.c
Linking C executable cmTC_2e1b1
/usr/bin/cmake -E cmake_link_script CMakeFiles/cmTC_2e1b1.dir/link.txt --verbose=1
/usr/bin/cc  -DCMAKE_HAVE_LIBC_PTHREAD    CMakeFiles/cmTC_2e1b1.dir/src.c.o  -o cmTC_2e1b1 
/usr/bin/ld: CMakeFiles/cmTC_2e1b1.dir/src.c.o: in function `main':
src.c:(.text+0x46): undefined reference to `pthread_create'
/usr/bin/ld: src.c:(.text+0x52): undefined reference to `pthread_detach'
/usr/bin/ld: src.c:(.text+0x63): undefined reference to `pthread_join'
collect2: error: ld returned 1 exit status
make[1]: *** [CMakeFiles/cmTC_2e1b1.dir/build.make:87: cmTC_2e1b1] Error 1
make[1]: Leaving directory '/home/dawid/Projects/C_C++/Aoc_2020/CMakeFiles/CMakeTmp'
make: *** [Makefile:121: cmTC_2e1b1/fast] Error 2


Source file was:
#include <pthread.h>

void* test_func(void* data)
{
  return data;
}

int main(void)
{
  pthread_t thread;
  pthread_create(&thread, NULL, test_func, NULL);
  pthread_detach(thread);
  pthread_join(thread, NULL);
  pthread_atfork(NULL, NULL, NULL);
  pthread_exit(NULL);

  return 0;
}

Determining if the function pthread_create exists in the pthreads failed with the following output:
Change Dir: /home/dawid/Projects/C_C++/Aoc_2020/CMakeFiles/CMakeTmp

Run Build Command(s):/usr/bin/make cmTC_91f7d/fast && /usr/bin/make -f CMakeFiles/cmTC_91f7d.dir/build.make CMakeFiles/cmTC_91f7d.dir/build
make[1]: Entering directory '/home/dawid/Projects/C_C++/Aoc_2020/CMakeFiles/CMakeTmp'
Building C object CMakeFiles/cmTC_91f7d.dir/CheckFunctionExists.c.o
/usr/bin/cc   -DCHECK_FUNCTION_EXISTS=pthread_create   -o CMakeFiles/cmTC_91f7d.dir/CheckFunctionExists.c.o   -c /usr/share/cmake-3.16/Modules/CheckFunctionExists.c
Linking C executable cmTC_91f7d
/usr/bin/cmake -E cmake_link_script CMakeFiles/cmTC_91f7d.dir/link.txt --verbose=1
/usr/bin/cc  -DCHECK_FUNCTION_EXISTS=pthread_create    CMakeFiles/cmTC_91f7d.dir/CheckFunctionExists.c.o  -o cmTC_91f7d  -lpthreads 
/usr/bin/ld: cannot find -lpthreads
collect2: error: ld returned 1 exit status
make[1]: *** [CMakeFiles/cmTC_91f7d.dir/build.make:87: cmTC_91f7d] Error 1
make[1]: Leaving directory '/home/dawid/Projects/C_C++/Aoc_2020/CMakeFiles/CMakeTmp'
make: *** [Makefile:121: cmTC_91f7d/fast] Error 2



