Performing C SOURCE FILE Test CMAKE_HAVE_LIBC_PTHREAD failed with the following output:
Change Dir: /home/dawid/Projects/C_C++/Aoc_2020/build/CMakeFiles/CMakeTmp

Run Build Command(s):/usr/bin/make cmTC_b6bce/fast && /usr/bin/make -f CMakeFiles/cmTC_b6bce.dir/build.make CMakeFiles/cmTC_b6bce.dir/build
make[1]: Entering directory '/home/dawid/Projects/C_C++/Aoc_2020/build/CMakeFiles/CMakeTmp'
Building C object CMakeFiles/cmTC_b6bce.dir/src.c.o
/bin/x86_64-linux-gnu-gcc-9   -DCMAKE_HAVE_LIBC_PTHREAD   -o CMakeFiles/cmTC_b6bce.dir/src.c.o   -c /home/dawid/Projects/C_C++/Aoc_2020/build/CMakeFiles/CMakeTmp/src.c
Linking C executable cmTC_b6bce
/usr/bin/cmake -E cmake_link_script CMakeFiles/cmTC_b6bce.dir/link.txt --verbose=1
/bin/x86_64-linux-gnu-gcc-9  -DCMAKE_HAVE_LIBC_PTHREAD    CMakeFiles/cmTC_b6bce.dir/src.c.o  -o cmTC_b6bce 
/usr/bin/ld: CMakeFiles/cmTC_b6bce.dir/src.c.o: in function `main':
src.c:(.text+0x46): undefined reference to `pthread_create'
/usr/bin/ld: src.c:(.text+0x52): undefined reference to `pthread_detach'
/usr/bin/ld: src.c:(.text+0x63): undefined reference to `pthread_join'
collect2: error: ld returned 1 exit status
make[1]: *** [CMakeFiles/cmTC_b6bce.dir/build.make:87: cmTC_b6bce] Error 1
make[1]: Leaving directory '/home/dawid/Projects/C_C++/Aoc_2020/build/CMakeFiles/CMakeTmp'
make: *** [Makefile:121: cmTC_b6bce/fast] Error 2


Source file was:
#include <pthread.h>

void* test_func(void* data)
{
  return data;
}

int main(void)
{
  pthread_t thread;
  pthread_create(&thread, NULL, test_func, NULL);
  pthread_detach(thread);
  pthread_join(thread, NULL);
  pthread_atfork(NULL, NULL, NULL);
  pthread_exit(NULL);

  return 0;
}

Determining if the function pthread_create exists in the pthreads failed with the following output:
Change Dir: /home/dawid/Projects/C_C++/Aoc_2020/build/CMakeFiles/CMakeTmp

Run Build Command(s):/usr/bin/make cmTC_6b0d1/fast && /usr/bin/make -f CMakeFiles/cmTC_6b0d1.dir/build.make CMakeFiles/cmTC_6b0d1.dir/build
make[1]: Entering directory '/home/dawid/Projects/C_C++/Aoc_2020/build/CMakeFiles/CMakeTmp'
Building C object CMakeFiles/cmTC_6b0d1.dir/CheckFunctionExists.c.o
/bin/x86_64-linux-gnu-gcc-9   -DCHECK_FUNCTION_EXISTS=pthread_create   -o CMakeFiles/cmTC_6b0d1.dir/CheckFunctionExists.c.o   -c /usr/share/cmake-3.16/Modules/CheckFunctionExists.c
Linking C executable cmTC_6b0d1
/usr/bin/cmake -E cmake_link_script CMakeFiles/cmTC_6b0d1.dir/link.txt --verbose=1
/bin/x86_64-linux-gnu-gcc-9  -DCHECK_FUNCTION_EXISTS=pthread_create    CMakeFiles/cmTC_6b0d1.dir/CheckFunctionExists.c.o  -o cmTC_6b0d1  -lpthreads 
/usr/bin/ld: cannot find -lpthreads
collect2: error: ld returned 1 exit status
make[1]: *** [CMakeFiles/cmTC_6b0d1.dir/build.make:87: cmTC_6b0d1] Error 1
make[1]: Leaving directory '/home/dawid/Projects/C_C++/Aoc_2020/build/CMakeFiles/CMakeTmp'
make: *** [Makefile:121: cmTC_6b0d1/fast] Error 2



